[INFO ] 2017-06-20 21:24:36.632 [localhost-startStop-1] ContextLoader - Root WebApplicationContext: initialization completed in 4144 ms
[INFO ] 2017-06-20 21:24:40.843 [restartedMain] RequestMappingHandlerAdapter - Looking for @ControllerAdvice: org.springframework.boot.context.embedded.AnnotationConfigEmbeddedWebApplicationContext@7d0f0bf4: startup date [Tue Jun 20 21:24:32 BST 2017]; root of context hierarchy
[INFO ] 2017-06-20 21:24:40.980 [restartedMain] RequestMappingHandlerMapping - Mapped "{[/customers/{Id}],methods=[PUT],produces=[application/xml || application/json]}" onto public void com.mindtree.controller.CustomerController.updateCustomers(com.mindtree.model.Customer,java.lang.String)
[INFO ] 2017-06-20 21:24:40.981 [restartedMain] RequestMappingHandlerMapping - Mapped "{[/customers],methods=[GET],produces=[application/xml || application/json]}" onto public java.util.List<com.mindtree.model.Customer> com.mindtree.controller.CustomerController.getCustomers(org.springframework.data.domain.Pageable,java.util.Optional<java.lang.String>)
[INFO ] 2017-06-20 21:24:40.982 [restartedMain] RequestMappingHandlerMapping - Mapped "{[/customers/{id}],methods=[GET],produces=[application/xml || application/json]}" onto public com.mindtree.model.Customer com.mindtree.controller.CustomerController.getCustomer(java.lang.String)
[INFO ] 2017-06-20 21:24:40.983 [restartedMain] RequestMappingHandlerMapping - Mapped "{[/customers],methods=[POST],produces=[application/xml || application/json]}" onto public void com.mindtree.controller.CustomerController.addCustomers(com.mindtree.model.Customer)
[INFO ] 2017-06-20 21:24:40.983 [restartedMain] RequestMappingHandlerMapping - Mapped "{[/customers/{Id}],methods=[DELETE],produces=[application/xml || application/json]}" onto public void com.mindtree.controller.CustomerController.deleteCustomers(java.lang.String)
[INFO ] 2017-06-20 21:24:40.986 [restartedMain] RequestMappingHandlerMapping - Mapped "{[/error]}" onto public org.springframework.http.ResponseEntity<java.util.Map<java.lang.String, java.lang.Object>> org.springframework.boot.autoconfigure.web.BasicErrorController.error(javax.servlet.http.HttpServletRequest)
[INFO ] 2017-06-20 21:24:40.987 [restartedMain] RequestMappingHandlerMapping - Mapped "{[/error],produces=[text/html]}" onto public org.springframework.web.servlet.ModelAndView org.springframework.boot.autoconfigure.web.BasicErrorController.errorHtml(javax.servlet.http.HttpServletRequest,javax.servlet.http.HttpServletResponse)
[INFO ] 2017-06-20 21:24:41.050 [restartedMain] SimpleUrlHandlerMapping - Mapped URL path [/webjars/**] onto handler of type [class org.springframework.web.servlet.resource.ResourceHttpRequestHandler]
[INFO ] 2017-06-20 21:24:41.051 [restartedMain] SimpleUrlHandlerMapping - Mapped URL path [/**] onto handler of type [class org.springframework.web.servlet.resource.ResourceHttpRequestHandler]
[INFO ] 2017-06-20 21:24:41.088 [restartedMain] ExceptionHandlerExceptionResolver - Detected @ExceptionHandler methods in serviceExceptionHandler
[INFO ] 2017-06-20 21:24:41.142 [restartedMain] SimpleUrlHandlerMapping - Mapped URL path [/**/favicon.ico] onto handler of type [class org.springframework.web.servlet.resource.ResourceHttpRequestHandler]
[INFO ] 2017-06-20 21:24:51.912 [http-nio-8080-exec-1] DispatcherServlet - FrameworkServlet 'dispatcherServlet': initialization started
[INFO ] 2017-06-20 21:24:51.975 [http-nio-8080-exec-1] DispatcherServlet - FrameworkServlet 'dispatcherServlet': initialization completed in 62 ms
[INFO ] 2017-06-20 21:26:20.522 [localhost-startStop-1] ContextLoader - Root WebApplicationContext: initialization completed in 1244 ms
[INFO ] 2017-06-20 21:26:21.116 [restartedMain] RequestMappingHandlerAdapter - Looking for @ControllerAdvice: org.springframework.boot.context.embedded.AnnotationConfigEmbeddedWebApplicationContext@2d295bd3: startup date [Tue Jun 20 21:26:19 BST 2017]; root of context hierarchy
[INFO ] 2017-06-20 21:26:21.132 [restartedMain] RequestMappingHandlerMapping - Mapped "{[/customers/{Id}],methods=[PUT],produces=[application/xml || application/json]}" onto public void com.mindtree.controller.CustomerController.updateCustomers(com.mindtree.model.Customer,java.lang.String)
[INFO ] 2017-06-20 21:26:21.133 [restartedMain] RequestMappingHandlerMapping - Mapped "{[/customers],methods=[GET],produces=[application/xml || application/json]}" onto public java.util.List<com.mindtree.model.Customer> com.mindtree.controller.CustomerController.getCustomers(org.springframework.data.domain.Pageable,java.util.Optional<java.lang.String>)
[INFO ] 2017-06-20 21:26:21.133 [restartedMain] RequestMappingHandlerMapping - Mapped "{[/customers/{id}],methods=[GET],produces=[application/xml || application/json]}" onto public com.mindtree.model.Customer com.mindtree.controller.CustomerController.getCustomer(java.lang.String)
[INFO ] 2017-06-20 21:26:21.134 [restartedMain] RequestMappingHandlerMapping - Mapped "{[/customers],methods=[POST],produces=[application/xml || application/json]}" onto public void com.mindtree.controller.CustomerController.addCustomers(com.mindtree.model.Customer)
[INFO ] 2017-06-20 21:26:21.134 [restartedMain] RequestMappingHandlerMapping - Mapped "{[/customers/{Id}],methods=[DELETE],produces=[application/xml || application/json]}" onto public void com.mindtree.controller.CustomerController.deleteCustomers(java.lang.String)
[INFO ] 2017-06-20 21:26:21.137 [restartedMain] RequestMappingHandlerMapping - Mapped "{[/error]}" onto public org.springframework.http.ResponseEntity<java.util.Map<java.lang.String, java.lang.Object>> org.springframework.boot.autoconfigure.web.BasicErrorController.error(javax.servlet.http.HttpServletRequest)
[INFO ] 2017-06-20 21:26:21.137 [restartedMain] RequestMappingHandlerMapping - Mapped "{[/error],produces=[text/html]}" onto public org.springframework.web.servlet.ModelAndView org.springframework.boot.autoconfigure.web.BasicErrorController.errorHtml(javax.servlet.http.HttpServletRequest,javax.servlet.http.HttpServletResponse)
[INFO ] 2017-06-20 21:26:21.150 [restartedMain] SimpleUrlHandlerMapping - Mapped URL path [/webjars/**] onto handler of type [class org.springframework.web.servlet.resource.ResourceHttpRequestHandler]
[INFO ] 2017-06-20 21:26:21.150 [restartedMain] SimpleUrlHandlerMapping - Mapped URL path [/**] onto handler of type [class org.springframework.web.servlet.resource.ResourceHttpRequestHandler]
[INFO ] 2017-06-20 21:26:21.173 [restartedMain] ExceptionHandlerExceptionResolver - Detected @ExceptionHandler methods in serviceExceptionHandler
[INFO ] 2017-06-20 21:26:21.181 [restartedMain] SimpleUrlHandlerMapping - Mapped URL path [/**/favicon.ico] onto handler of type [class org.springframework.web.servlet.resource.ResourceHttpRequestHandler]
[INFO ] 2017-06-20 21:26:26.153 [localhost-startStop-1] ContextLoader - Root WebApplicationContext: initialization completed in 1221 ms
[INFO ] 2017-06-20 21:26:26.699 [restartedMain] RequestMappingHandlerAdapter - Looking for @ControllerAdvice: org.springframework.boot.context.embedded.AnnotationConfigEmbeddedWebApplicationContext@38ec850f: startup date [Tue Jun 20 21:26:24 BST 2017]; root of context hierarchy
[INFO ] 2017-06-20 21:26:26.714 [restartedMain] RequestMappingHandlerMapping - Mapped "{[/customers/{Id}],methods=[PUT],produces=[application/xml || application/json]}" onto public void com.mindtree.controller.CustomerController.updateCustomers(com.mindtree.model.Customer,java.lang.String)
[INFO ] 2017-06-20 21:26:26.714 [restartedMain] RequestMappingHandlerMapping - Mapped "{[/customers],methods=[GET],produces=[application/xml || application/json]}" onto public java.util.List<com.mindtree.model.Customer> com.mindtree.controller.CustomerController.getCustomers(org.springframework.data.domain.Pageable,java.util.Optional<java.lang.String>)
[INFO ] 2017-06-20 21:26:26.715 [restartedMain] RequestMappingHandlerMapping - Mapped "{[/customers/{id}],methods=[GET],produces=[application/xml || application/json]}" onto public com.mindtree.model.Customer com.mindtree.controller.CustomerController.getCustomer(java.lang.String)
[INFO ] 2017-06-20 21:26:26.715 [restartedMain] RequestMappingHandlerMapping - Mapped "{[/customers],methods=[POST],produces=[application/xml || application/json]}" onto public void com.mindtree.controller.CustomerController.addCustomers(com.mindtree.model.Customer)
[INFO ] 2017-06-20 21:26:26.716 [restartedMain] RequestMappingHandlerMapping - Mapped "{[/customers/{Id}],methods=[DELETE],produces=[application/xml || application/json]}" onto public void com.mindtree.controller.CustomerController.deleteCustomers(java.lang.String)
[INFO ] 2017-06-20 21:26:26.719 [restartedMain] RequestMappingHandlerMapping - Mapped "{[/error]}" onto public org.springframework.http.ResponseEntity<java.util.Map<java.lang.String, java.lang.Object>> org.springframework.boot.autoconfigure.web.BasicErrorController.error(javax.servlet.http.HttpServletRequest)
[INFO ] 2017-06-20 21:26:26.719 [restartedMain] RequestMappingHandlerMapping - Mapped "{[/error],produces=[text/html]}" onto public org.springframework.web.servlet.ModelAndView org.springframework.boot.autoconfigure.web.BasicErrorController.errorHtml(javax.servlet.http.HttpServletRequest,javax.servlet.http.HttpServletResponse)
[INFO ] 2017-06-20 21:26:26.731 [restartedMain] SimpleUrlHandlerMapping - Mapped URL path [/webjars/**] onto handler of type [class org.springframework.web.servlet.resource.ResourceHttpRequestHandler]
[INFO ] 2017-06-20 21:26:26.732 [restartedMain] SimpleUrlHandlerMapping - Mapped URL path [/**] onto handler of type [class org.springframework.web.servlet.resource.ResourceHttpRequestHandler]
[INFO ] 2017-06-20 21:26:26.743 [restartedMain] ExceptionHandlerExceptionResolver - Detected @ExceptionHandler methods in serviceExceptionHandler
[INFO ] 2017-06-20 21:26:26.750 [restartedMain] SimpleUrlHandlerMapping - Mapped URL path [/**/favicon.ico] onto handler of type [class org.springframework.web.servlet.resource.ResourceHttpRequestHandler]
[INFO ] 2017-06-20 21:26:35.547 [localhost-startStop-1] ContextLoader - Root WebApplicationContext: initialization completed in 1067 ms
[INFO ] 2017-06-20 21:26:35.960 [restartedMain] RequestMappingHandlerAdapter - Looking for @ControllerAdvice: org.springframework.boot.context.embedded.AnnotationConfigEmbeddedWebApplicationContext@765d64b3: startup date [Tue Jun 20 21:26:34 BST 2017]; root of context hierarchy
[INFO ] 2017-06-20 21:26:35.972 [restartedMain] RequestMappingHandlerMapping - Mapped "{[/customers/{Id}],methods=[PUT],produces=[application/xml || application/json]}" onto public void com.mindtree.controller.CustomerController.updateCustomers(com.mindtree.model.Customer,java.lang.String)
[INFO ] 2017-06-20 21:26:35.973 [restartedMain] RequestMappingHandlerMapping - Mapped "{[/customers],methods=[GET],produces=[application/xml || application/json]}" onto public java.util.List<com.mindtree.model.Customer> com.mindtree.controller.CustomerController.getCustomers(org.springframework.data.domain.Pageable,java.util.Optional<java.lang.String>)
[INFO ] 2017-06-20 21:26:35.973 [restartedMain] RequestMappingHandlerMapping - Mapped "{[/customers/{id}],methods=[GET],produces=[application/xml || application/json]}" onto public com.mindtree.model.Customer com.mindtree.controller.CustomerController.getCustomer(java.lang.String)
[INFO ] 2017-06-20 21:26:35.973 [restartedMain] RequestMappingHandlerMapping - Mapped "{[/customers],methods=[POST],produces=[application/xml || application/json]}" onto public void com.mindtree.controller.CustomerController.addCustomers(com.mindtree.model.Customer)
[INFO ] 2017-06-20 21:26:35.974 [restartedMain] RequestMappingHandlerMapping - Mapped "{[/customers/{Id}],methods=[DELETE],produces=[application/xml || application/json]}" onto public void com.mindtree.controller.CustomerController.deleteCustomers(java.lang.String)
[INFO ] 2017-06-20 21:26:35.975 [restartedMain] RequestMappingHandlerMapping - Mapped "{[/error]}" onto public org.springframework.http.ResponseEntity<java.util.Map<java.lang.String, java.lang.Object>> org.springframework.boot.autoconfigure.web.BasicErrorController.error(javax.servlet.http.HttpServletRequest)
[INFO ] 2017-06-20 21:26:35.976 [restartedMain] RequestMappingHandlerMapping - Mapped "{[/error],produces=[text/html]}" onto public org.springframework.web.servlet.ModelAndView org.springframework.boot.autoconfigure.web.BasicErrorController.errorHtml(javax.servlet.http.HttpServletRequest,javax.servlet.http.HttpServletResponse)
[INFO ] 2017-06-20 21:26:35.982 [restartedMain] SimpleUrlHandlerMapping - Mapped URL path [/webjars/**] onto handler of type [class org.springframework.web.servlet.resource.ResourceHttpRequestHandler]
[INFO ] 2017-06-20 21:26:35.983 [restartedMain] SimpleUrlHandlerMapping - Mapped URL path [/**] onto handler of type [class org.springframework.web.servlet.resource.ResourceHttpRequestHandler]
[INFO ] 2017-06-20 21:26:35.995 [restartedMain] ExceptionHandlerExceptionResolver - Detected @ExceptionHandler methods in serviceExceptionHandler
[INFO ] 2017-06-20 21:26:36.001 [restartedMain] SimpleUrlHandlerMapping - Mapped URL path [/**/favicon.ico] onto handler of type [class org.springframework.web.servlet.resource.ResourceHttpRequestHandler]
[INFO ] 2017-06-20 21:27:00.041 [http-nio-8080-exec-1] DispatcherServlet - FrameworkServlet 'dispatcherServlet': initialization started
[INFO ] 2017-06-20 21:27:00.046 [http-nio-8080-exec-1] DispatcherServlet - FrameworkServlet 'dispatcherServlet': initialization completed in 4 ms
[INFO ] 2017-06-20 21:28:09.412 [localhost-startStop-1] ContextLoader - Root WebApplicationContext: initialization completed in 4008 ms
[INFO ] 2017-06-20 21:28:14.228 [restartedMain] RequestMappingHandlerAdapter - Looking for @ControllerAdvice: org.springframework.boot.context.embedded.AnnotationConfigEmbeddedWebApplicationContext@6ffa272b: startup date [Tue Jun 20 21:28:05 BST 2017]; root of context hierarchy
[INFO ] 2017-06-20 21:28:14.421 [restartedMain] RequestMappingHandlerMapping - Mapped "{[/customers],methods=[GET],produces=[application/xml || application/json]}" onto public java.util.List<com.mindtree.model.Customer> com.mindtree.controller.CustomerController.getCustomers(org.springframework.data.domain.Pageable,java.util.Optional<java.lang.String>)
[INFO ] 2017-06-20 21:28:14.423 [restartedMain] RequestMappingHandlerMapping - Mapped "{[/customers/{Id}],methods=[PUT],produces=[application/xml || application/json]}" onto public void com.mindtree.controller.CustomerController.updateCustomers(com.mindtree.model.Customer,java.lang.String)
[INFO ] 2017-06-20 21:28:14.424 [restartedMain] RequestMappingHandlerMapping - Mapped "{[/customers/{id}],methods=[GET],produces=[application/xml || application/json]}" onto public com.mindtree.model.Customer com.mindtree.controller.CustomerController.getCustomer(java.lang.String)
[INFO ] 2017-06-20 21:28:14.425 [restartedMain] RequestMappingHandlerMapping - Mapped "{[/customers],methods=[POST],produces=[application/xml || application/json]}" onto public void com.mindtree.controller.CustomerController.addCustomers(com.mindtree.model.Customer)
[INFO ] 2017-06-20 21:28:14.425 [restartedMain] RequestMappingHandlerMapping - Mapped "{[/customers/{Id}],methods=[DELETE],produces=[application/xml || application/json]}" onto public void com.mindtree.controller.CustomerController.deleteCustomers(java.lang.String)
[INFO ] 2017-06-20 21:28:14.428 [restartedMain] RequestMappingHandlerMapping - Mapped "{[/error]}" onto public org.springframework.http.ResponseEntity<java.util.Map<java.lang.String, java.lang.Object>> org.springframework.boot.autoconfigure.web.BasicErrorController.error(javax.servlet.http.HttpServletRequest)
[INFO ] 2017-06-20 21:28:14.429 [restartedMain] RequestMappingHandlerMapping - Mapped "{[/error],produces=[text/html]}" onto public org.springframework.web.servlet.ModelAndView org.springframework.boot.autoconfigure.web.BasicErrorController.errorHtml(javax.servlet.http.HttpServletRequest,javax.servlet.http.HttpServletResponse)
[INFO ] 2017-06-20 21:28:14.489 [restartedMain] SimpleUrlHandlerMapping - Mapped URL path [/webjars/**] onto handler of type [class org.springframework.web.servlet.resource.ResourceHttpRequestHandler]
[INFO ] 2017-06-20 21:28:14.489 [restartedMain] SimpleUrlHandlerMapping - Mapped URL path [/**] onto handler of type [class org.springframework.web.servlet.resource.ResourceHttpRequestHandler]
[INFO ] 2017-06-20 21:28:14.525 [restartedMain] ExceptionHandlerExceptionResolver - Detected @ExceptionHandler methods in serviceExceptionHandler
[INFO ] 2017-06-20 21:28:14.571 [restartedMain] SimpleUrlHandlerMapping - Mapped URL path [/**/favicon.ico] onto handler of type [class org.springframework.web.servlet.resource.ResourceHttpRequestHandler]
[INFO ] 2017-06-20 21:28:17.318 [http-nio-8080-exec-1] DispatcherServlet - FrameworkServlet 'dispatcherServlet': initialization started
[INFO ] 2017-06-20 21:28:17.389 [http-nio-8080-exec-1] DispatcherServlet - FrameworkServlet 'dispatcherServlet': initialization completed in 71 ms
[INFO ] 2017-06-20 21:29:09.766 [localhost-startStop-1] ContextLoader - Root WebApplicationContext: initialization completed in 1476 ms
[INFO ] 2017-06-20 21:29:10.288 [restartedMain] RequestMappingHandlerAdapter - Looking for @ControllerAdvice: org.springframework.boot.context.embedded.AnnotationConfigEmbeddedWebApplicationContext@500ee621: startup date [Tue Jun 20 21:29:08 BST 2017]; root of context hierarchy
[INFO ] 2017-06-20 21:29:10.303 [restartedMain] RequestMappingHandlerMapping - Mapped "{[/customers],methods=[GET],produces=[application/xml || application/json]}" onto public java.util.List<com.mindtree.model.Customer> com.mindtree.controller.CustomerController.getCustomers(org.springframework.data.domain.Pageable,java.util.Optional<java.lang.String>)
[INFO ] 2017-06-20 21:29:10.304 [restartedMain] RequestMappingHandlerMapping - Mapped "{[/customers/{Id}],methods=[PUT],produces=[application/xml || application/json]}" onto public void com.mindtree.controller.CustomerController.updateCustomers(com.mindtree.model.Customer,java.lang.String)
[INFO ] 2017-06-20 21:29:10.304 [restartedMain] RequestMappingHandlerMapping - Mapped "{[/customers/{id}],methods=[GET],produces=[application/xml || application/json]}" onto public com.mindtree.model.Customer com.mindtree.controller.CustomerController.getCustomer(java.lang.String)
[INFO ] 2017-06-20 21:29:10.305 [restartedMain] RequestMappingHandlerMapping - Mapped "{[/customers],methods=[POST],produces=[application/xml || application/json]}" onto public void com.mindtree.controller.CustomerController.addCustomers(com.mindtree.model.Customer)
[INFO ] 2017-06-20 21:29:10.305 [restartedMain] RequestMappingHandlerMapping - Mapped "{[/customers/{Id}],methods=[DELETE],produces=[application/xml || application/json]}" onto public void com.mindtree.controller.CustomerController.deleteCustomers(java.lang.String)
[INFO ] 2017-06-20 21:29:10.307 [restartedMain] RequestMappingHandlerMapping - Mapped "{[/error]}" onto public org.springframework.http.ResponseEntity<java.util.Map<java.lang.String, java.lang.Object>> org.springframework.boot.autoconfigure.web.BasicErrorController.error(javax.servlet.http.HttpServletRequest)
[INFO ] 2017-06-20 21:29:10.308 [restartedMain] RequestMappingHandlerMapping - Mapped "{[/error],produces=[text/html]}" onto public org.springframework.web.servlet.ModelAndView org.springframework.boot.autoconfigure.web.BasicErrorController.errorHtml(javax.servlet.http.HttpServletRequest,javax.servlet.http.HttpServletResponse)
[INFO ] 2017-06-20 21:29:10.320 [restartedMain] SimpleUrlHandlerMapping - Mapped URL path [/webjars/**] onto handler of type [class org.springframework.web.servlet.resource.ResourceHttpRequestHandler]
[INFO ] 2017-06-20 21:29:10.320 [restartedMain] SimpleUrlHandlerMapping - Mapped URL path [/**] onto handler of type [class org.springframework.web.servlet.resource.ResourceHttpRequestHandler]
[INFO ] 2017-06-20 21:29:10.333 [restartedMain] ExceptionHandlerExceptionResolver - Detected @ExceptionHandler methods in serviceExceptionHandler
[INFO ] 2017-06-20 21:29:10.340 [restartedMain] SimpleUrlHandlerMapping - Mapped URL path [/**/favicon.ico] onto handler of type [class org.springframework.web.servlet.resource.ResourceHttpRequestHandler]
[INFO ] 2017-06-20 21:29:50.394 [localhost-startStop-1] ContextLoader - Root WebApplicationContext: initialization completed in 1206 ms
[INFO ] 2017-06-20 21:29:50.892 [restartedMain] RequestMappingHandlerAdapter - Looking for @ControllerAdvice: org.springframework.boot.context.embedded.AnnotationConfigEmbeddedWebApplicationContext@2248ce35: startup date [Tue Jun 20 21:29:49 BST 2017]; root of context hierarchy
[INFO ] 2017-06-20 21:29:50.909 [restartedMain] RequestMappingHandlerMapping - Mapped "{[/customers],methods=[GET],produces=[application/xml || application/json]}" onto public java.util.List<com.mindtree.model.Customer> com.mindtree.controller.CustomerController.getCustomers(org.springframework.data.domain.Pageable,java.util.Optional<java.lang.String>)
[INFO ] 2017-06-20 21:29:50.909 [restartedMain] RequestMappingHandlerMapping - Mapped "{[/customers/{Id}],methods=[PUT],produces=[application/xml || application/json]}" onto public void com.mindtree.controller.CustomerController.updateCustomers(com.mindtree.model.Customer,java.lang.String)
[INFO ] 2017-06-20 21:29:50.910 [restartedMain] RequestMappingHandlerMapping - Mapped "{[/customers/{id}],methods=[GET],produces=[application/xml || application/json]}" onto public com.mindtree.model.Customer com.mindtree.controller.CustomerController.getCustomer(java.lang.String)
[INFO ] 2017-06-20 21:29:50.910 [restartedMain] RequestMappingHandlerMapping - Mapped "{[/customers],methods=[POST],produces=[application/xml || application/json]}" onto public void com.mindtree.controller.CustomerController.addCustomers(com.mindtree.model.Customer)
[INFO ] 2017-06-20 21:29:50.911 [restartedMain] RequestMappingHandlerMapping - Mapped "{[/customers/{Id}],methods=[DELETE],produces=[application/xml || application/json]}" onto public void com.mindtree.controller.CustomerController.deleteCustomers(java.lang.String)
[INFO ] 2017-06-20 21:29:50.913 [restartedMain] RequestMappingHandlerMapping - Mapped "{[/error]}" onto public org.springframework.http.ResponseEntity<java.util.Map<java.lang.String, java.lang.Object>> org.springframework.boot.autoconfigure.web.BasicErrorController.error(javax.servlet.http.HttpServletRequest)
[INFO ] 2017-06-20 21:29:50.913 [restartedMain] RequestMappingHandlerMapping - Mapped "{[/error],produces=[text/html]}" onto public org.springframework.web.servlet.ModelAndView org.springframework.boot.autoconfigure.web.BasicErrorController.errorHtml(javax.servlet.http.HttpServletRequest,javax.servlet.http.HttpServletResponse)
[INFO ] 2017-06-20 21:29:50.924 [restartedMain] SimpleUrlHandlerMapping - Mapped URL path [/webjars/**] onto handler of type [class org.springframework.web.servlet.resource.ResourceHttpRequestHandler]
[INFO ] 2017-06-20 21:29:50.925 [restartedMain] SimpleUrlHandlerMapping - Mapped URL path [/**] onto handler of type [class org.springframework.web.servlet.resource.ResourceHttpRequestHandler]
[INFO ] 2017-06-20 21:29:50.937 [restartedMain] ExceptionHandlerExceptionResolver - Detected @ExceptionHandler methods in serviceExceptionHandler
[INFO ] 2017-06-20 21:29:50.944 [restartedMain] SimpleUrlHandlerMapping - Mapped URL path [/**/favicon.ico] onto handler of type [class org.springframework.web.servlet.resource.ResourceHttpRequestHandler]
